<?xml version="1.0" encoding="UTF-8"?>
<!-- Generated by org.testng.reporters.JUnitReportReporter -->
<testsuite skipped="0" hostname="DESKTOP-MBD2ILJ" name="com.google.testcases.GoogleTest" tests="4" failures="0" timestamp="2020-04-23T23:03:51 IST" time="10.050" errors="0">
  <testcase name="canSearchTextInGoogle" time="1.835" classname="com.google.testcases.GoogleTest"/>
  <system-out/>
  <testcase name="canClickOn3rdLink" time="5.446" classname="com.google.testcases.GoogleTest"/>
  <system-out/>
  <testcase name="canTestGooglePageIsOpened" time="2.735" classname="com.google.testcases.GoogleTest"/>
  <system-out/>
  <testcase name="canExtractDoogleTextFromImageLink" time="0.034" classname="com.google.testcases.GoogleTest"/>
  <system-out/>
</testsuite> <!-- com.google.testcases.GoogleTest -->
